Performing C SOURCE FILE Test CMAKE_HAVE_LIBC_PTHREAD failed with the following output:
Change Dir: /home/angela/Desktop/MIEIC/2nd Year/AEDA/FEUP-AEDA/C1_1920/Code/cmake-build-debug/CMakeFiles/CMakeTmp

Run Build Command(s):/usr/bin/make cmTC_95e88/fast && /usr/bin/make  -f CMakeFiles/cmTC_95e88.dir/build.make CMakeFiles/cmTC_95e88.dir/build
make[1]: Entering directory '/home/angela/Desktop/MIEIC/2nd Year/AEDA/FEUP-AEDA/C1_1920/Code/cmake-build-debug/CMakeFiles/CMakeTmp'
Building C object CMakeFiles/cmTC_95e88.dir/src.c.o
/usr/bin/cc   -DCMAKE_HAVE_LIBC_PTHREAD   -o CMakeFiles/cmTC_95e88.dir/src.c.o   -c "/home/angela/Desktop/MIEIC/2nd Year/AEDA/FEUP-AEDA/C1_1920/Code/cmake-build-debug/CMakeFiles/CMakeTmp/src.c"
Linking C executable cmTC_95e88
/snap/clion/129/bin/cmake/linux/bin/cmake -E cmake_link_script CMakeFiles/cmTC_95e88.dir/link.txt --verbose=1
/usr/bin/cc  -DCMAKE_HAVE_LIBC_PTHREAD    -rdynamic CMakeFiles/cmTC_95e88.dir/src.c.o  -o cmTC_95e88 
/usr/bin/ld: CMakeFiles/cmTC_95e88.dir/src.c.o: in function `main':
src.c:(.text+0x46): undefined reference to `pthread_create'
/usr/bin/ld: src.c:(.text+0x52): undefined reference to `pthread_detach'
/usr/bin/ld: src.c:(.text+0x5e): undefined reference to `pthread_cancel'
/usr/bin/ld: src.c:(.text+0x6f): undefined reference to `pthread_join'
collect2: error: ld returned 1 exit status
make[1]: *** [CMakeFiles/cmTC_95e88.dir/build.make:107: cmTC_95e88] Error 1
make[1]: Leaving directory '/home/angela/Desktop/MIEIC/2nd Year/AEDA/FEUP-AEDA/C1_1920/Code/cmake-build-debug/CMakeFiles/CMakeTmp'
make: *** [Makefile:141: cmTC_95e88/fast] Error 2


Source file was:
#include <pthread.h>

void* test_func(void* data)
{
  return data;
}

int main(void)
{
  pthread_t thread;
  pthread_create(&thread, NULL, test_func, NULL);
  pthread_detach(thread);
  pthread_cancel(thread);
  pthread_join(thread, NULL);
  pthread_atfork(NULL, NULL, NULL);
  pthread_exit(NULL);

  return 0;
}

Determining if the function pthread_create exists in the pthreads failed with the following output:
Change Dir: /home/angela/Desktop/MIEIC/2nd Year/AEDA/FEUP-AEDA/C1_1920/Code/cmake-build-debug/CMakeFiles/CMakeTmp

Run Build Command(s):/usr/bin/make cmTC_30482/fast && /usr/bin/make  -f CMakeFiles/cmTC_30482.dir/build.make CMakeFiles/cmTC_30482.dir/build
make[1]: Entering directory '/home/angela/Desktop/MIEIC/2nd Year/AEDA/FEUP-AEDA/C1_1920/Code/cmake-build-debug/CMakeFiles/CMakeTmp'
Building C object CMakeFiles/cmTC_30482.dir/CheckFunctionExists.c.o
/usr/bin/cc   -DCHECK_FUNCTION_EXISTS=pthread_create   -o CMakeFiles/cmTC_30482.dir/CheckFunctionExists.c.o   -c /snap/clion/129/bin/cmake/linux/share/cmake-3.17/Modules/CheckFunctionExists.c
Linking C executable cmTC_30482
/snap/clion/129/bin/cmake/linux/bin/cmake -E cmake_link_script CMakeFiles/cmTC_30482.dir/link.txt --verbose=1
/usr/bin/cc  -DCHECK_FUNCTION_EXISTS=pthread_create    -rdynamic CMakeFiles/cmTC_30482.dir/CheckFunctionExists.c.o  -o cmTC_30482  -lpthreads 
/usr/bin/ld: cannot find -lpthreads
collect2: error: ld returned 1 exit status
make[1]: *** [CMakeFiles/cmTC_30482.dir/build.make:107: cmTC_30482] Error 1
make[1]: Leaving directory '/home/angela/Desktop/MIEIC/2nd Year/AEDA/FEUP-AEDA/C1_1920/Code/cmake-build-debug/CMakeFiles/CMakeTmp'
make: *** [Makefile:141: cmTC_30482/fast] Error 2



